20191209-114829-INFO: ===== 1 - [YoPing][SQD 1][Dock] dock.chen
20191209-114840-INFO: OK - Conquest Duel - Victory: 2; Defeat: 0
20191209-114841-INFO: ===== 2 - [YoPing][SQD 1][Dock] ca.dock.chen
20191209-114850-INFO: OK - Conquest Duel - Victory: 2; Defeat: 0
20191209-114852-INFO: ===== 3 - [YoPing][SQD 1][路人] edward.lin61
20191209-114900-INFO: OK - Conquest Duel - Victory: 2; Defeat: 0
20191209-114902-INFO: ===== 4 - [YoPing][SQD 1][韋智] alex94057
20191209-114911-INFO: OK - Conquest Duel - Victory: 2; Defeat: 0
20191209-114913-INFO: ===== 5 - [YoPing][SQD 1][YenSiang] tys118
20191209-114921-INFO: OK - Conquest Duel - Victory: 2; Defeat: 0
20191209-114923-INFO: ===== 6 - [YoPing][SQD 1][LEO] leo_h_f
20191209-114931-INFO: OK - Conquest Duel - Victory: 2; Defeat: 0
20191209-114933-INFO: ===== 7 - [YoPing][SQD 1][T3] tysiung
20191209-114941-INFO: OK - Conquest Duel - Victory: 2; Defeat: 0
20191209-114942-INFO: ===== 8 - [YoPing][SQD 1][太陽王] xyz24772482
20191209-114951-INFO: OK - Conquest Duel - Victory: 2; Defeat: 0
20191209-114953-INFO: ===== 9 - [YoPing][SQD 1][海虎] tigershark1224
20191209-114953-INFO: ===== 10 - [YoPing][SQD 1][Siuki] siuki23475
20191209-114959-INFO: Hit #1 [Defeat!] - 1741192898
20191209-115001-INFO: OK - Conquest Duel - Victory: 1; Defeat: 1
